<?xml version="1.0" encoding="UTF-8"?>
<testsuite xmlns:xsi="http://www.w3.org/2001/XMLSchema-instance" xsi:noNamespaceSchemaLocation="https://maven.apache.org/surefire/maven-surefire-plugin/xsd/surefire-test-report-3.0.xsd" version="3.0" name="com.zosh.EcommerceMultiVendorApplicationTests" time="14.771" tests="1" errors="0" skipped="0" failures="0">
  <properties>
[...]
</properties>
  <testcase name="contextLoads" classname="com.zosh.EcommerceMultiVendorApplicationTests" time="0.924">
    <system-out><![CDATA[18:34:51.027 [main] INFO org.springframework.test.context.support.AnnotationConfigContextLoaderUtils -- Could not detect default configuration classes for test class [com.zosh.EcommerceMultiVendorApplicationTests]: EcommerceMultiVendorApplicationTests does not declare any static, non-private, non-final, nested classes annotated with @Configuration.
18:34:51.262 [main] INFO org.springframework.boot.test.context.SpringBootTestContextBootstrapper -- Found @SpringBootConfiguration com.zosh.EcommerceMultiVendorApplication for test class com.zosh.EcommerceMultiVendorApplicationTests
18:34:51.572 [main] INFO org.springframework.boot.devtools.restart.RestartApplicationListener -- Restart disabled due to context in which it is running

  .   ____          _            __ _ _
 /\\ / ___'_ __ _ _(_)_ __  __ _ \ \ \ \
( ( )\___ | '_ | '_| | '_ \/ _` | \ \ \ \
 \\/  ___)| |_)| | | | | || (_| |  ) ) ) )
  '  |____| .__|_| |_|_| |_\__, | / / / /
 =========|_|==============|___/=/_/_/_/

 :: Spring Boot ::                (v3.3.2)

2024-09-20T18:34:52.026+05:30  WARN 30616 --- [           main] ory$DuplicateJsonObjectContextCustomizer : 

Found multiple occurrences of org.json.JSONObject on the class path:

	jar:file:/C:/Users/ashok/.m2/repository/com/vaadin/external/google/android-json/0.0.20131108.vaadin1/android-json-0.0.20131108.vaadin1.jar!/org/json/JSONObject.class
	jar:file:/C:/Users/ashok/.m2/repository/org/json/json/20180130/json-20180130.jar!/org/json/JSONObject.class

You may wish to exclude one of them to ensure predictable runtime behavior

2024-09-20T18:34:52.060+05:30  INFO 30616 --- [           main] c.z.EcommerceMultiVendorApplicationTests : Starting EcommerceMultiVendorApplicationTests using Java 19.0.1 with PID 30616 (started by ashok in F:\Projects\Java Full Stack\Ecommercce Multivender\Ecommerce-multi-vendor)
2024-09-20T18:34:52.062+05:30  INFO 30616 --- [           main] c.z.EcommerceMultiVendorApplicationTests : No active profile set, falling back to 1 default profile: "default"
2024-09-20T18:34:53.692+05:30  INFO 30616 --- [           main] .s.d.r.c.RepositoryConfigurationDelegate : Bootstrapping Spring Data JPA repositories in DEFAULT mode.
2024-09-20T18:34:53.948+05:30  INFO 30616 --- [           main] .s.d.r.c.RepositoryConfigurationDelegate : Finished Spring Data repository scanning in 239 ms. Found 22 JPA repository interfaces.
2024-09-20T18:34:55.113+05:30  INFO 30616 --- [           main] o.hibernate.jpa.internal.util.LogHelper  : HHH000204: Processing PersistenceUnitInfo [name: default]
2024-09-20T18:34:55.277+05:30  INFO 30616 --- [           main] org.hibernate.Version                    : HHH000412: Hibernate ORM core version 6.5.2.Final
2024-09-20T18:34:55.365+05:30  INFO 30616 --- [           main] o.h.c.internal.RegionFactoryInitiator    : HHH000026: Second-level cache disabled
2024-09-20T18:34:56.173+05:30  INFO 30616 --- [           main] o.s.o.j.p.SpringPersistenceUnitInfo      : No LoadTimeWeaver setup: ignoring JPA class transformer
2024-09-20T18:34:56.241+05:30  INFO 30616 --- [           main] com.zaxxer.hikari.HikariDataSource       : HikariPool-1 - Starting...
2024-09-20T18:34:57.028+05:30  INFO 30616 --- [           main] com.zaxxer.hikari.pool.HikariPool        : HikariPool-1 - Added connection com.mysql.cj.jdbc.ConnectionImpl@78e387d6
2024-09-20T18:34:57.033+05:30  INFO 30616 --- [           main] com.zaxxer.hikari.HikariDataSource       : HikariPool-1 - Start completed.
2024-09-20T18:35:00.006+05:30  INFO 30616 --- [           main] o.h.e.t.j.p.i.JtaPlatformInitiator       : HHH000489: No JTA platform available (set 'hibernate.transaction.jta.platform' to enable JTA platform integration)
2024-09-20T18:35:00.568+05:30  INFO 30616 --- [           main] j.LocalContainerEntityManagerFactoryBean : Initialized JPA EntityManagerFactory for persistence unit 'default'
2024-09-20T18:35:01.241+05:30  INFO 30616 --- [           main] o.s.d.j.r.query.QueryEnhancerFactory     : Hibernate is in classpath; If applicable, HQL parser will be used.
2024-09-20T18:35:02.325+05:30  INFO 30616 --- [           main] f.a.AutowiredAnnotationBeanPostProcessor : Autowired annotation is not supported on static fields: private static java.lang.String com.zosh.ai.services.AiProductServiceImpl.API_KEY
2024-09-20T18:35:02.819+05:30  WARN 30616 --- [           main] JpaBaseConfiguration$JpaWebConfiguration : spring.jpa.open-in-view is enabled by default. Therefore, database queries may be performed during view rendering. Explicitly configure spring.jpa.open-in-view to disable this warning
2024-09-20T18:35:02.858+05:30  INFO 30616 --- [           main] r$InitializeUserDetailsManagerConfigurer : Global AuthenticationManager configured with UserDetailsService bean with name customeUserServiceImplementation
2024-09-20T18:35:04.141+05:30  INFO 30616 --- [           main] c.z.EcommerceMultiVendorApplicationTests : Started EcommerceMultiVendorApplicationTests in 12.599 seconds (process running for 14.727)
Hibernate: select u1_0.id,u1_0.email,u1_0.full_name,u1_0.mobile,u1_0.password,u1_0.role from user u1_0 where u1_0.email=?
]]></system-out>
  </testcase>
</testsuite>